<!DOCTYPE html>
<html>
    <body>
        <a href="/">Back</a>
        <mutation-test-report-app title-postfix="Infection"></mutation-test-report-app>
        <script defer src="https://cdn.jsdelivr.net/npm/mutation-testing-elements/dist/mutation-test-elements.js"></script>
        <script>
            const app = document.getElementsByTagName('mutation-test-report-app').item(0);
            function updateTheme() {
                document.body.style.backgroundColor = app.themeBackgroundColor;
            }
            app.addEventListener('theme-changed', updateTheme);
            updateTheme();

            document.getElementsByTagName('mutation-test-report-app').item(0).report = {"schemaVersion":"1","thresholds":{"high":90,"low":50},"files":{"\/home\/nicogruenewald\/Documents\/BuyMyTrikots\/src\/Model\/OrderEntityManager.php":{"language":"php","source":"<?php\n\nnamespace App\\Model;\n\nuse App\\Core\\DTO\\OrderDTO;\nuse App\\Core\\SQL\\SqlConnector;\nuse App\\Core\\TotalCalculator;\nuse JsonException;\n\nclass OrderEntityManager\n{\n    private ClientRepository $clientRepository;\n    private SqlConnector $sqlConnector;\n    private BasketRepository $basketRepository;\n    private TotalCalculator $totalCalculator;\n    public function __construct()\n    {\n        $this->clientRepository = new ClientRepository();\n        $this->sqlConnector = new SqlConnector();\n        $this->basketRepository = new BasketRepository();\n        $this->totalCalculator = new TotalCalculator();\n    }\n\n    \/**\n     * @throws JsonException\n     *\/\n    public function saveOrder(OrderDTO $orderDTO) : string\n    {\n        $query = \"INSERT INTO orders (user_id, firstName, lastName, city, zip, delivery, payment, email, items, total) VALUES (:user_id, :firstName, :lastName, :city, :zip, :delivery, :payment, :email, :items, :total)\";\n\n        $basket = $this->basketRepository->getBasketInfo();\n\n        $items = [];\n        foreach ($basket as $item) {\n            $items[] = [\n                'id'       => $item->id,\n                'quantity' => $item->quantity,\n            ];\n        }\n\n        $items = json_encode($items, JSON_THROW_ON_ERROR | JSON_PRETTY_PRINT, 512);\n\n        $total = $this->totalCalculator->calculateTotal();\n\n        $params = [\n            ':user_id' => $this->clientRepository->getUserID($_SESSION['mail']),\n            ':firstName' => $orderDTO->firstName,\n            ':lastName' => $orderDTO->lastName,\n            ':city' => $orderDTO->city,\n            ':zip' => $orderDTO->zip,\n            ':delivery' => $orderDTO->delivery,\n            ':payment' => $orderDTO->paymentMethod,\n            ':email' => $orderDTO->email,\n            ':items' => $items,\n            ':total' => $total\n        ];\n\n        return $this->sqlConnector->executeInsertQuery($query, $params);\n    }\n}","mutants":[{"id":"311461f8ab6c9527bb2fcdc49e9ffb5d","mutatorName":"PublicVisibility","replacement":"protected function saveOrder(OrderDTO $orderDTO) : string","description":"Replaces the `public` method visibility keyword with `protected`.","location":{"start":{"line":27,"column":5},"end":{"line":27,"column":59}},"status":"Killed","statusReason":"PHPUnit 10.4.1 by Sebastian Bergmann and contributors.\n\nRuntime:       PHP 8.1.2-1ubuntu2.14\nConfiguration: \/tmp\/infection\/phpunitConfiguration.311461f8ab6c9527bb2fcdc49e9ffb5d.infection.xml\n\nEEE...EE                                                            8 \/ 8 (100%)\n\nTime: 00:00.042, Memory: 12.00 MB\n\nThere were 5 errors:\n\n1) Controller\\OrderOverviewControllerTest::testDataConstruct\nError: Call to protected method App\\Model\\OrderEntityManager::saveOrder() from scope Controller\\OrderOverviewControllerTest\n\n\/home\/nicogruenewald\/Documents\/BuyMyTrikots\/tests\/Controller\/OrderOverviewControllerTest.php:57\n\n2) Model\\OrderEntityManagerTest::testSaveOrder\nError: Call to protected method App\\Model\\OrderEntityManager::saveOrder() from scope Model\\OrderEntityManagerTest\n\n\/home\/nicogruenewald\/Documents\/BuyMyTrikots\/tests\/Model\/OrderEntityManagerTest.php:58\n\n3) Controller\\ThankYouControllerTest::testDataConstruct\nError: Call to protected method App\\Model\\OrderEntityManager::saveOrder() from scope Controller\\ThankYouControllerTest\n\n\/home\/nicogruenewald\/Documents\/BuyMyTrikots\/tests\/Controller\/ThankYouControllerTest.php:54\n\n4) Model\\OrderRepositoryTest::testGetOrderId\nError: Call to protected method App\\Model\\OrderEntityManager::saveOrder() from scope Model\\OrderRepositoryTest\n\n\/home\/nicogruenewald\/Documents\/BuyMyTrikots\/tests\/Model\/OrderRepositoryTest.php:129\n\n5) Controller\\HomepageControllerTest::testDataConstruct\nError: Call to protected method App\\Model\\OrderEntityManager::saveOrder() from scope Controller\\HomepageControllerTest\n\n\/home\/nicogruenewald\/Documents\/BuyMyTrikots\/tests\/Controller\/HomepageControllerTest.php:59\n\nERRORS!\nTests: 8, Assertions: 21, Errors: 5.","coveredBy":["36b86c2030d77c5a4b2ae5371cca348a","0d0246081d105144e5c5fb72500b0fb5","39261c6848bad92388361c1651343089","65b7284e3b2ac95981b7a32b10c9cdf5","5df2b8ab729d6ba88ad70d1ccf936487"],"killedBy":["0d0246081d105144e5c5fb72500b0fb5"],"testsCompleted":8},{"id":"bace99bca306f901aea207eed2e46ed9","mutatorName":"Foreach_","replacement":"foreach (array() as $item) {","description":"Replaces the iterable being iterated over with a `foreach` statement with an empty array, preventing\nany statement within the block to be executed. For example:\n\n```php`\nforeach ($a as $b) {\n    \/\/ ...\n}\n```\n\nWill be mutated to:\n\n```php\nfor ([] as $b]) {\n    \/\/ ...\n}\n```","location":{"start":{"line":34,"column":9},"end":{"line":39,"column":37}},"status":"Killed","statusReason":"PHPUnit 10.4.1 by Sebastian Bergmann and contributors.\n\nRuntime:       PHP 8.1.2-1ubuntu2.14\nConfiguration: \/tmp\/infection\/phpunitConfiguration.bace99bca306f901aea207eed2e46ed9.infection.xml\n\n.......F                                                            8 \/ 8 (100%)\n\nTime: 00:00.095, Memory: 14.00 MB\n\nThere was 1 failure:\n\n1) Model\\OrderEntityManagerTest::testSaveOrder\nFailed asserting that two strings are identical.\n--- Expected\n+++ Actual\n@@ @@\n-'[{\"id\": \"44\", \"quantity\": \"1\"}]'\n+'[]'\n\n\/home\/nicogruenewald\/Documents\/BuyMyTrikots\/tests\/Model\/OrderEntityManagerTest.php:63\n\nFAILURES!\nTests: 8, Assertions: 36, Failures: 1.","coveredBy":["36b86c2030d77c5a4b2ae5371cca348a","0d0246081d105144e5c5fb72500b0fb5","39261c6848bad92388361c1651343089","65b7284e3b2ac95981b7a32b10c9cdf5","5df2b8ab729d6ba88ad70d1ccf936487"],"killedBy":["5df2b8ab729d6ba88ad70d1ccf936487"],"testsCompleted":8},{"id":"f5d9548b87ed0f092a26eb0f8117079b","mutatorName":"ArrayItemRemoval","replacement":"$items[] = ['quantity' => $item->quantity];","description":"Removes an element of an array literal. For example:\n\n```php\n$x = [0, 1, 2];\n```\n\nWill be mutated to:\n\n```php\n$x = [1, 2];\n```\n\nAnd:\n\n```php\n$x = [0, 2];\n```\n\nAnd:\n\n```php\n$x = [0, 1];\n```\n\nWhich elements it removes or how many elements it will attempt to remove will depend on its\nconfiguration.\n","location":{"start":{"line":35,"column":13},"end":{"line":38,"column":25}},"status":"Killed","statusReason":"PHPUnit 10.4.1 by Sebastian Bergmann and contributors.\n\nRuntime:       PHP 8.1.2-1ubuntu2.14\nConfiguration: \/tmp\/infection\/phpunitConfiguration.f5d9548b87ed0f092a26eb0f8117079b.infection.xml\n\nF                                                                   1 \/ 1 (100%)\n\nTime: 00:00.022, Memory: 10.00 MB\n\nThere was 1 failure:\n\n1) Model\\OrderEntityManagerTest::testSaveOrder\nFailed asserting that two strings are identical.\n--- Expected\n+++ Actual\n@@ @@\n-'[{\"id\": \"44\", \"quantity\": \"1\"}]'\n+'[{\"quantity\": \"1\"}]'\n\n\/home\/nicogruenewald\/Documents\/BuyMyTrikots\/tests\/Model\/OrderEntityManagerTest.php:63\n\nFAILURES!\nTests: 1, Assertions: 2, Failures: 1.","coveredBy":["5df2b8ab729d6ba88ad70d1ccf936487"],"killedBy":["5df2b8ab729d6ba88ad70d1ccf936487"],"testsCompleted":1},{"id":"767a2ba41f534c99a6cf4a34849364df","mutatorName":"ArrayItem","replacement":"$items[] = ['id' > $item->id, 'quantity' => $item->quantity];","description":"Replaces a key-value pair (`[$key => $value]`) array declaration with a value array declaration\n(`[$key > $value]`) where the key or the value are potentially impure (i.e. have a side-effect);\nFor example `[foo() => $b->bar]`.","location":{"start":{"line":36,"column":17},"end":{"line":36,"column":41}},"status":"Killed","statusReason":"PHPUnit 10.4.1 by Sebastian Bergmann and contributors.\n\nRuntime:       PHP 8.1.2-1ubuntu2.14\nConfiguration: \/tmp\/infection\/phpunitConfiguration.767a2ba41f534c99a6cf4a34849364df.infection.xml\n\nF                                                                   1 \/ 1 (100%)\n\nTime: 00:00.026, Memory: 10.00 MB\n\nThere was 1 failure:\n\n1) Model\\OrderEntityManagerTest::testSaveOrder\nFailed asserting that two strings are identical.\n--- Expected\n+++ Actual\n@@ @@\n-'[{\"id\": \"44\", \"quantity\": \"1\"}]'\n+'[{\"0\": true, \"quantity\": \"1\"}]'\n\n\/home\/nicogruenewald\/Documents\/BuyMyTrikots\/tests\/Model\/OrderEntityManagerTest.php:63\n\nFAILURES!\nTests: 1, Assertions: 2, Failures: 1.","coveredBy":["5df2b8ab729d6ba88ad70d1ccf936487"],"killedBy":["5df2b8ab729d6ba88ad70d1ccf936487"],"testsCompleted":1},{"id":"efcf5096c30e8f6ef043061bfd5047d5","mutatorName":"ArrayItem","replacement":"$items[] = ['id' => $item->id, 'quantity' > $item->quantity];","description":"Replaces a key-value pair (`[$key => $value]`) array declaration with a value array declaration\n(`[$key > $value]`) where the key or the value are potentially impure (i.e. have a side-effect);\nFor example `[foo() => $b->bar]`.","location":{"start":{"line":37,"column":17},"end":{"line":37,"column":47}},"status":"Killed","statusReason":"PHPUnit 10.4.1 by Sebastian Bergmann and contributors.\n\nRuntime:       PHP 8.1.2-1ubuntu2.14\nConfiguration: \/tmp\/infection\/phpunitConfiguration.efcf5096c30e8f6ef043061bfd5047d5.infection.xml\n\nF                                                                   1 \/ 1 (100%)\n\nTime: 00:00.025, Memory: 10.00 MB\n\nThere was 1 failure:\n\n1) Model\\OrderEntityManagerTest::testSaveOrder\nFailed asserting that two strings are identical.\n--- Expected\n+++ Actual\n@@ @@\n-'[{\"id\": \"44\", \"quantity\": \"1\"}]'\n+'[{\"0\": true, \"id\": \"44\"}]'\n\n\/home\/nicogruenewald\/Documents\/BuyMyTrikots\/tests\/Model\/OrderEntityManagerTest.php:63\n\nFAILURES!\nTests: 1, Assertions: 2, Failures: 1.","coveredBy":["5df2b8ab729d6ba88ad70d1ccf936487"],"killedBy":["5df2b8ab729d6ba88ad70d1ccf936487"],"testsCompleted":1},{"id":"8c4c3aeabc0e3a573641e4bd5dde42ff","mutatorName":"BitwiseOr","replacement":"$items = json_encode($items, JSON_THROW_ON_ERROR & JSON_PRETTY_PRINT, 512);","description":"Replaces a bitwise OR operator (`|`) with a bitwise AND operator (`&`).","location":{"start":{"line":41,"column":9},"end":{"line":41,"column":84}},"status":"Survived","statusReason":"PHPUnit 10.4.1 by Sebastian Bergmann and contributors.\n\nRuntime:       PHP 8.1.2-1ubuntu2.14\nConfiguration: \/tmp\/infection\/phpunitConfiguration.8c4c3aeabc0e3a573641e4bd5dde42ff.infection.xml\n\n........                                                            8 \/ 8 (100%)\n\nTime: 00:00.097, Memory: 14.00 MB\n\nOK (8 tests, 42 assertions)","coveredBy":["36b86c2030d77c5a4b2ae5371cca348a","0d0246081d105144e5c5fb72500b0fb5","39261c6848bad92388361c1651343089","65b7284e3b2ac95981b7a32b10c9cdf5","5df2b8ab729d6ba88ad70d1ccf936487"],"killedBy":[],"testsCompleted":0},{"id":"9a46237a544c9ac920345733eea2edbf","mutatorName":"DecrementInteger","replacement":"$items = json_encode($items, JSON_THROW_ON_ERROR | JSON_PRETTY_PRINT, 511);","description":"Decrements an integer value with 1.","location":{"start":{"line":41,"column":9},"end":{"line":41,"column":84}},"status":"Survived","statusReason":"PHPUnit 10.4.1 by Sebastian Bergmann and contributors.\n\nRuntime:       PHP 8.1.2-1ubuntu2.14\nConfiguration: \/tmp\/infection\/phpunitConfiguration.9a46237a544c9ac920345733eea2edbf.infection.xml\n\n........                                                            8 \/ 8 (100%)\n\nTime: 00:00.103, Memory: 14.00 MB\n\nOK (8 tests, 42 assertions)","coveredBy":["36b86c2030d77c5a4b2ae5371cca348a","0d0246081d105144e5c5fb72500b0fb5","39261c6848bad92388361c1651343089","65b7284e3b2ac95981b7a32b10c9cdf5","5df2b8ab729d6ba88ad70d1ccf936487"],"killedBy":[],"testsCompleted":0},{"id":"ec70dd010a51ca2ab68c9a7ebac17685","mutatorName":"IncrementInteger","replacement":"$items = json_encode($items, JSON_THROW_ON_ERROR | JSON_PRETTY_PRINT, 513);","description":"Increments an integer value with 1.","location":{"start":{"line":41,"column":9},"end":{"line":41,"column":84}},"status":"Survived","statusReason":"PHPUnit 10.4.1 by Sebastian Bergmann and contributors.\n\nRuntime:       PHP 8.1.2-1ubuntu2.14\nConfiguration: \/tmp\/infection\/phpunitConfiguration.ec70dd010a51ca2ab68c9a7ebac17685.infection.xml\n\n........                                                            8 \/ 8 (100%)\n\nTime: 00:00.093, Memory: 14.00 MB\n\nOK (8 tests, 42 assertions)","coveredBy":["36b86c2030d77c5a4b2ae5371cca348a","0d0246081d105144e5c5fb72500b0fb5","39261c6848bad92388361c1651343089","65b7284e3b2ac95981b7a32b10c9cdf5","5df2b8ab729d6ba88ad70d1ccf936487"],"killedBy":[],"testsCompleted":0},{"id":"3ac360d4ae3404b42448c760f5da9926","mutatorName":"ArrayItemRemoval","replacement":"$params = [':firstName' => $orderDTO->firstName, ':lastName' => $orderDTO->lastName, ':city' => $orderDTO->city, ':zip' => $orderDTO->zip, ':delivery' => $orderDTO->delivery, ':payment' => $orderDTO->paymentMethod, ':email' => $orderDTO->email, ':items' => $items, ':total' => $total];","description":"Removes an element of an array literal. For example:\n\n```php\n$x = [0, 1, 2];\n```\n\nWill be mutated to:\n\n```php\n$x = [1, 2];\n```\n\nAnd:\n\n```php\n$x = [0, 2];\n```\n\nAnd:\n\n```php\n$x = [0, 1];\n```\n\nWhich elements it removes or how many elements it will attempt to remove will depend on its\nconfiguration.\n","location":{"start":{"line":45,"column":9},"end":{"line":56,"column":20}},"status":"Killed","statusReason":"PHPUnit 10.4.1 by Sebastian Bergmann and contributors.\n\nRuntime:       PHP 8.1.2-1ubuntu2.14\nConfiguration: \/tmp\/infection\/phpunitConfiguration.3ac360d4ae3404b42448c760f5da9926.infection.xml\n\nEEE...EE                                                            8 \/ 8 (100%)\n\nTime: 00:00.046, Memory: 12.00 MB\n\nThere were 5 errors:\n\n1) Controller\\OrderOverviewControllerTest::testDataConstruct\nPDOException: SQLSTATE[HY093]: Invalid parameter number: number of bound variables does not match number of tokens\n\n\/home\/nicogruenewald\/Documents\/BuyMyTrikots\/src\/Core\/SQL\/SqlConnector.php:52\n\/home\/nicogruenewald\/Documents\/BuyMyTrikots\/src\/Model\/OrderEntityManager.php:36\n\/home\/nicogruenewald\/Documents\/BuyMyTrikots\/tests\/Controller\/OrderOverviewControllerTest.php:57\n\n2) Model\\OrderEntityManagerTest::testSaveOrder\nPDOException: SQLSTATE[HY093]: Invalid parameter number: number of bound variables does not match number of tokens\n\n\/home\/nicogruenewald\/Documents\/BuyMyTrikots\/src\/Core\/SQL\/SqlConnector.php:52\n\/home\/nicogruenewald\/Documents\/BuyMyTrikots\/src\/Model\/OrderEntityManager.php:36\n\/home\/nicogruenewald\/Documents\/BuyMyTrikots\/tests\/Model\/OrderEntityManagerTest.php:58\n\n3) Controller\\ThankYouControllerTest::testDataConstruct\nPDOException: SQLSTATE[HY093]: Invalid parameter number: number of bound variables does not match number of tokens\n\n\/home\/nicogruenewald\/Documents\/BuyMyTrikots\/src\/Core\/SQL\/SqlConnector.php:52\n\/home\/nicogruenewald\/Documents\/BuyMyTrikots\/src\/Model\/OrderEntityManager.php:36\n\/home\/nicogruenewald\/Documents\/BuyMyTrikots\/tests\/Controller\/ThankYouControllerTest.php:54\n\n4) Model\\OrderRepositoryTest::testGetOrderId\nPDOException: SQLSTATE[HY093]: Invalid parameter number: number of bound variables does not match number of tokens\n\n\/home\/nicogruenewald\/Documents\/BuyMyTrikots\/src\/Core\/SQL\/SqlConnector.php:52\n\/home\/nicogruenewald\/Documents\/BuyMyTrikots\/src\/Model\/OrderEntityManager.php:36\n\/home\/nicogruenewald\/Documents\/BuyMyTrikots\/tests\/Model\/OrderRepositoryTest.php:129\n\n5) Controller\\HomepageControllerTest::testDataConstruct\nPDOException: SQLSTATE[HY093]: Invalid parameter number: number of bound variables does not match number of tokens\n\n\/home\/nicogruenewald\/Documents\/BuyMyTrikots\/src\/Core\/SQL\/SqlConnector.php:52\n\/home\/nicogruenewald\/Documents\/BuyMyTrikots\/src\/Model\/OrderEntityManager.php:36\n\/home\/nicogruenewald\/Documents\/BuyMyTrikots\/tests\/Controller\/HomepageControllerTest.php:59\n\nERRORS!\nTests: 8, Assertions: 21, Errors: 5.","coveredBy":["36b86c2030d77c5a4b2ae5371cca348a","0d0246081d105144e5c5fb72500b0fb5","39261c6848bad92388361c1651343089","65b7284e3b2ac95981b7a32b10c9cdf5","5df2b8ab729d6ba88ad70d1ccf936487"],"killedBy":["0d0246081d105144e5c5fb72500b0fb5"],"testsCompleted":8},{"id":"ccdc756fdd845db8c81fd0cde0386fe7","mutatorName":"ArrayItem","replacement":"$params = [':user_id' > $this->clientRepository->getUserID($_SESSION['mail']), ':firstName' => $orderDTO->firstName, ':lastName' => $orderDTO->lastName, ':city' => $orderDTO->city, ':zip' => $orderDTO->zip, ':delivery' => $orderDTO->delivery, ':payment' => $orderDTO->paymentMethod, ':email' => $orderDTO->email, ':items' => $items, ':total' => $total];","description":"Replaces a key-value pair (`[$key => $value]`) array declaration with a value array declaration\n(`[$key > $value]`) where the key or the value are potentially impure (i.e. have a side-effect);\nFor example `[foo() => $b->bar]`.","location":{"start":{"line":46,"column":13},"end":{"line":46,"column":81}},"status":"Killed","statusReason":"PHPUnit 10.4.1 by Sebastian Bergmann and contributors.\n\nRuntime:       PHP 8.1.2-1ubuntu2.14\nConfiguration: \/tmp\/infection\/phpunitConfiguration.ccdc756fdd845db8c81fd0cde0386fe7.infection.xml\n\nEE...EEE                                                            8 \/ 8 (100%)\n\nTime: 00:00.053, Memory: 12.00 MB\n\nThere were 5 errors:\n\n1) Controller\\OrderOverviewControllerTest::testDataConstruct\nValueError: PDOStatement::bindValue(): Argument #1 ($param) must be greater than or equal to 1\n\n\/home\/nicogruenewald\/Documents\/BuyMyTrikots\/src\/Core\/SQL\/SqlConnector.php:49\n\/home\/nicogruenewald\/Documents\/BuyMyTrikots\/src\/Model\/OrderEntityManager.php:36\n\/home\/nicogruenewald\/Documents\/BuyMyTrikots\/tests\/Controller\/OrderOverviewControllerTest.php:57\n\n2) Controller\\ThankYouControllerTest::testDataConstruct\nValueError: PDOStatement::bindValue(): Argument #1 ($param) must be greater than or equal to 1\n\n\/home\/nicogruenewald\/Documents\/BuyMyTrikots\/src\/Core\/SQL\/SqlConnector.php:49\n\/home\/nicogruenewald\/Documents\/BuyMyTrikots\/src\/Model\/OrderEntityManager.php:36\n\/home\/nicogruenewald\/Documents\/BuyMyTrikots\/tests\/Controller\/ThankYouControllerTest.php:54\n\n3) Model\\OrderRepositoryTest::testGetOrderId\nValueError: PDOStatement::bindValue(): Argument #1 ($param) must be greater than or equal to 1\n\n\/home\/nicogruenewald\/Documents\/BuyMyTrikots\/src\/Core\/SQL\/SqlConnector.php:49\n\/home\/nicogruenewald\/Documents\/BuyMyTrikots\/src\/Model\/OrderEntityManager.php:36\n\/home\/nicogruenewald\/Documents\/BuyMyTrikots\/tests\/Model\/OrderRepositoryTest.php:129\n\n4) Controller\\HomepageControllerTest::testDataConstruct\nValueError: PDOStatement::bindValue(): Argument #1 ($param) must be greater than or equal to 1\n\n\/home\/nicogruenewald\/Documents\/BuyMyTrikots\/src\/Core\/SQL\/SqlConnector.php:49\n\/home\/nicogruenewald\/Documents\/BuyMyTrikots\/src\/Model\/OrderEntityManager.php:36\n\/home\/nicogruenewald\/Documents\/BuyMyTrikots\/tests\/Controller\/HomepageControllerTest.php:59\n\n5) Model\\OrderEntityManagerTest::testSaveOrder\nValueError: PDOStatement::bindValue(): Argument #1 ($param) must be greater than or equal to 1\n\n\/home\/nicogruenewald\/Documents\/BuyMyTrikots\/src\/Core\/SQL\/SqlConnector.php:49\n\/home\/nicogruenewald\/Documents\/BuyMyTrikots\/src\/Model\/OrderEntityManager.php:36\n\/home\/nicogruenewald\/Documents\/BuyMyTrikots\/tests\/Model\/OrderEntityManagerTest.php:58\n\nERRORS!\nTests: 8, Assertions: 21, Errors: 5.","coveredBy":["36b86c2030d77c5a4b2ae5371cca348a","0d0246081d105144e5c5fb72500b0fb5","39261c6848bad92388361c1651343089","65b7284e3b2ac95981b7a32b10c9cdf5","5df2b8ab729d6ba88ad70d1ccf936487"],"killedBy":["0d0246081d105144e5c5fb72500b0fb5"],"testsCompleted":8},{"id":"e8b6895feb24ad43e95b7205f8d32c32","mutatorName":"ArrayItem","replacement":"$params = [':user_id' => $this->clientRepository->getUserID($_SESSION['mail']), ':firstName' > $orderDTO->firstName, ':lastName' => $orderDTO->lastName, ':city' => $orderDTO->city, ':zip' => $orderDTO->zip, ':delivery' => $orderDTO->delivery, ':payment' => $orderDTO->paymentMethod, ':email' => $orderDTO->email, ':items' => $items, ':total' => $total];","description":"Replaces a key-value pair (`[$key => $value]`) array declaration with a value array declaration\n(`[$key > $value]`) where the key or the value are potentially impure (i.e. have a side-effect);\nFor example `[foo() => $b->bar]`.","location":{"start":{"line":47,"column":13},"end":{"line":47,"column":50}},"status":"Killed","statusReason":"PHPUnit 10.4.1 by Sebastian Bergmann and contributors.\n\nRuntime:       PHP 8.1.2-1ubuntu2.14\nConfiguration: \/tmp\/infection\/phpunitConfiguration.e8b6895feb24ad43e95b7205f8d32c32.infection.xml\n\nEEE...EE                                                            8 \/ 8 (100%)\n\nTime: 00:00.050, Memory: 12.00 MB\n\nThere were 5 errors:\n\n1) Controller\\OrderOverviewControllerTest::testDataConstruct\nValueError: PDOStatement::bindValue(): Argument #1 ($param) must be greater than or equal to 1\n\n\/home\/nicogruenewald\/Documents\/BuyMyTrikots\/src\/Core\/SQL\/SqlConnector.php:49\n\/home\/nicogruenewald\/Documents\/BuyMyTrikots\/src\/Model\/OrderEntityManager.php:36\n\/home\/nicogruenewald\/Documents\/BuyMyTrikots\/tests\/Controller\/OrderOverviewControllerTest.php:57\n\n2) Model\\OrderEntityManagerTest::testSaveOrder\nValueError: PDOStatement::bindValue(): Argument #1 ($param) must be greater than or equal to 1\n\n\/home\/nicogruenewald\/Documents\/BuyMyTrikots\/src\/Core\/SQL\/SqlConnector.php:49\n\/home\/nicogruenewald\/Documents\/BuyMyTrikots\/src\/Model\/OrderEntityManager.php:36\n\/home\/nicogruenewald\/Documents\/BuyMyTrikots\/tests\/Model\/OrderEntityManagerTest.php:58\n\n3) Controller\\ThankYouControllerTest::testDataConstruct\nValueError: PDOStatement::bindValue(): Argument #1 ($param) must be greater than or equal to 1\n\n\/home\/nicogruenewald\/Documents\/BuyMyTrikots\/src\/Core\/SQL\/SqlConnector.php:49\n\/home\/nicogruenewald\/Documents\/BuyMyTrikots\/src\/Model\/OrderEntityManager.php:36\n\/home\/nicogruenewald\/Documents\/BuyMyTrikots\/tests\/Controller\/ThankYouControllerTest.php:54\n\n4) Model\\OrderRepositoryTest::testGetOrderId\nValueError: PDOStatement::bindValue(): Argument #1 ($param) must be greater than or equal to 1\n\n\/home\/nicogruenewald\/Documents\/BuyMyTrikots\/src\/Core\/SQL\/SqlConnector.php:49\n\/home\/nicogruenewald\/Documents\/BuyMyTrikots\/src\/Model\/OrderEntityManager.php:36\n\/home\/nicogruenewald\/Documents\/BuyMyTrikots\/tests\/Model\/OrderRepositoryTest.php:129\n\n5) Controller\\HomepageControllerTest::testDataConstruct\nValueError: PDOStatement::bindValue(): Argument #1 ($param) must be greater than or equal to 1\n\n\/home\/nicogruenewald\/Documents\/BuyMyTrikots\/src\/Core\/SQL\/SqlConnector.php:49\n\/home\/nicogruenewald\/Documents\/BuyMyTrikots\/src\/Model\/OrderEntityManager.php:36\n\/home\/nicogruenewald\/Documents\/BuyMyTrikots\/tests\/Controller\/HomepageControllerTest.php:59\n\nERRORS!\nTests: 8, Assertions: 21, Errors: 5.","coveredBy":["36b86c2030d77c5a4b2ae5371cca348a","0d0246081d105144e5c5fb72500b0fb5","39261c6848bad92388361c1651343089","65b7284e3b2ac95981b7a32b10c9cdf5","5df2b8ab729d6ba88ad70d1ccf936487"],"killedBy":["0d0246081d105144e5c5fb72500b0fb5"],"testsCompleted":8},{"id":"4725e48e119955ec8fab9a25da35f096","mutatorName":"ArrayItem","replacement":"$params = [':user_id' => $this->clientRepository->getUserID($_SESSION['mail']), ':firstName' => $orderDTO->firstName, ':lastName' > $orderDTO->lastName, ':city' => $orderDTO->city, ':zip' => $orderDTO->zip, ':delivery' => $orderDTO->delivery, ':payment' => $orderDTO->paymentMethod, ':email' => $orderDTO->email, ':items' => $items, ':total' => $total];","description":"Replaces a key-value pair (`[$key => $value]`) array declaration with a value array declaration\n(`[$key > $value]`) where the key or the value are potentially impure (i.e. have a side-effect);\nFor example `[foo() => $b->bar]`.","location":{"start":{"line":48,"column":13},"end":{"line":48,"column":48}},"status":"Killed","statusReason":"PHPUnit 10.4.1 by Sebastian Bergmann and contributors.\n\nRuntime:       PHP 8.1.2-1ubuntu2.14\nConfiguration: \/tmp\/infection\/phpunitConfiguration.4725e48e119955ec8fab9a25da35f096.infection.xml\n\nEEE...EE                                                            8 \/ 8 (100%)\n\nTime: 00:00.048, Memory: 12.00 MB\n\nThere were 5 errors:\n\n1) Controller\\OrderOverviewControllerTest::testDataConstruct\nValueError: PDOStatement::bindValue(): Argument #1 ($param) must be greater than or equal to 1\n\n\/home\/nicogruenewald\/Documents\/BuyMyTrikots\/src\/Core\/SQL\/SqlConnector.php:49\n\/home\/nicogruenewald\/Documents\/BuyMyTrikots\/src\/Model\/OrderEntityManager.php:36\n\/home\/nicogruenewald\/Documents\/BuyMyTrikots\/tests\/Controller\/OrderOverviewControllerTest.php:57\n\n2) Model\\OrderEntityManagerTest::testSaveOrder\nValueError: PDOStatement::bindValue(): Argument #1 ($param) must be greater than or equal to 1\n\n\/home\/nicogruenewald\/Documents\/BuyMyTrikots\/src\/Core\/SQL\/SqlConnector.php:49\n\/home\/nicogruenewald\/Documents\/BuyMyTrikots\/src\/Model\/OrderEntityManager.php:36\n\/home\/nicogruenewald\/Documents\/BuyMyTrikots\/tests\/Model\/OrderEntityManagerTest.php:58\n\n3) Controller\\ThankYouControllerTest::testDataConstruct\nValueError: PDOStatement::bindValue(): Argument #1 ($param) must be greater than or equal to 1\n\n\/home\/nicogruenewald\/Documents\/BuyMyTrikots\/src\/Core\/SQL\/SqlConnector.php:49\n\/home\/nicogruenewald\/Documents\/BuyMyTrikots\/src\/Model\/OrderEntityManager.php:36\n\/home\/nicogruenewald\/Documents\/BuyMyTrikots\/tests\/Controller\/ThankYouControllerTest.php:54\n\n4) Model\\OrderRepositoryTest::testGetOrderId\nValueError: PDOStatement::bindValue(): Argument #1 ($param) must be greater than or equal to 1\n\n\/home\/nicogruenewald\/Documents\/BuyMyTrikots\/src\/Core\/SQL\/SqlConnector.php:49\n\/home\/nicogruenewald\/Documents\/BuyMyTrikots\/src\/Model\/OrderEntityManager.php:36\n\/home\/nicogruenewald\/Documents\/BuyMyTrikots\/tests\/Model\/OrderRepositoryTest.php:129\n\n5) Controller\\HomepageControllerTest::testDataConstruct\nValueError: PDOStatement::bindValue(): Argument #1 ($param) must be greater than or equal to 1\n\n\/home\/nicogruenewald\/Documents\/BuyMyTrikots\/src\/Core\/SQL\/SqlConnector.php:49\n\/home\/nicogruenewald\/Documents\/BuyMyTrikots\/src\/Model\/OrderEntityManager.php:36\n\/home\/nicogruenewald\/Documents\/BuyMyTrikots\/tests\/Controller\/HomepageControllerTest.php:59\n\nERRORS!\nTests: 8, Assertions: 21, Errors: 5.","coveredBy":["36b86c2030d77c5a4b2ae5371cca348a","0d0246081d105144e5c5fb72500b0fb5","39261c6848bad92388361c1651343089","65b7284e3b2ac95981b7a32b10c9cdf5","5df2b8ab729d6ba88ad70d1ccf936487"],"killedBy":["0d0246081d105144e5c5fb72500b0fb5"],"testsCompleted":8},{"id":"28307890a36be20cf99b810551986249","mutatorName":"ArrayItem","replacement":"$params = [':user_id' => $this->clientRepository->getUserID($_SESSION['mail']), ':firstName' => $orderDTO->firstName, ':lastName' => $orderDTO->lastName, ':city' > $orderDTO->city, ':zip' => $orderDTO->zip, ':delivery' => $orderDTO->delivery, ':payment' => $orderDTO->paymentMethod, ':email' => $orderDTO->email, ':items' => $items, ':total' => $total];","description":"Replaces a key-value pair (`[$key => $value]`) array declaration with a value array declaration\n(`[$key > $value]`) where the key or the value are potentially impure (i.e. have a side-effect);\nFor example `[foo() => $b->bar]`.","location":{"start":{"line":49,"column":13},"end":{"line":49,"column":40}},"status":"Killed","statusReason":"PHPUnit 10.4.1 by Sebastian Bergmann and contributors.\n\nRuntime:       PHP 8.1.2-1ubuntu2.14\nConfiguration: \/tmp\/infection\/phpunitConfiguration.28307890a36be20cf99b810551986249.infection.xml\n\nEEE...EE                                                            8 \/ 8 (100%)\n\nTime: 00:00.047, Memory: 12.00 MB\n\nThere were 5 errors:\n\n1) Controller\\OrderOverviewControllerTest::testDataConstruct\nValueError: PDOStatement::bindValue(): Argument #1 ($param) must be greater than or equal to 1\n\n\/home\/nicogruenewald\/Documents\/BuyMyTrikots\/src\/Core\/SQL\/SqlConnector.php:49\n\/home\/nicogruenewald\/Documents\/BuyMyTrikots\/src\/Model\/OrderEntityManager.php:36\n\/home\/nicogruenewald\/Documents\/BuyMyTrikots\/tests\/Controller\/OrderOverviewControllerTest.php:57\n\n2) Model\\OrderEntityManagerTest::testSaveOrder\nValueError: PDOStatement::bindValue(): Argument #1 ($param) must be greater than or equal to 1\n\n\/home\/nicogruenewald\/Documents\/BuyMyTrikots\/src\/Core\/SQL\/SqlConnector.php:49\n\/home\/nicogruenewald\/Documents\/BuyMyTrikots\/src\/Model\/OrderEntityManager.php:36\n\/home\/nicogruenewald\/Documents\/BuyMyTrikots\/tests\/Model\/OrderEntityManagerTest.php:58\n\n3) Controller\\ThankYouControllerTest::testDataConstruct\nValueError: PDOStatement::bindValue(): Argument #1 ($param) must be greater than or equal to 1\n\n\/home\/nicogruenewald\/Documents\/BuyMyTrikots\/src\/Core\/SQL\/SqlConnector.php:49\n\/home\/nicogruenewald\/Documents\/BuyMyTrikots\/src\/Model\/OrderEntityManager.php:36\n\/home\/nicogruenewald\/Documents\/BuyMyTrikots\/tests\/Controller\/ThankYouControllerTest.php:54\n\n4) Model\\OrderRepositoryTest::testGetOrderId\nValueError: PDOStatement::bindValue(): Argument #1 ($param) must be greater than or equal to 1\n\n\/home\/nicogruenewald\/Documents\/BuyMyTrikots\/src\/Core\/SQL\/SqlConnector.php:49\n\/home\/nicogruenewald\/Documents\/BuyMyTrikots\/src\/Model\/OrderEntityManager.php:36\n\/home\/nicogruenewald\/Documents\/BuyMyTrikots\/tests\/Model\/OrderRepositoryTest.php:129\n\n5) Controller\\HomepageControllerTest::testDataConstruct\nValueError: PDOStatement::bindValue(): Argument #1 ($param) must be greater than or equal to 1\n\n\/home\/nicogruenewald\/Documents\/BuyMyTrikots\/src\/Core\/SQL\/SqlConnector.php:49\n\/home\/nicogruenewald\/Documents\/BuyMyTrikots\/src\/Model\/OrderEntityManager.php:36\n\/home\/nicogruenewald\/Documents\/BuyMyTrikots\/tests\/Controller\/HomepageControllerTest.php:59\n\nERRORS!\nTests: 8, Assertions: 21, Errors: 5.","coveredBy":["36b86c2030d77c5a4b2ae5371cca348a","0d0246081d105144e5c5fb72500b0fb5","39261c6848bad92388361c1651343089","65b7284e3b2ac95981b7a32b10c9cdf5","5df2b8ab729d6ba88ad70d1ccf936487"],"killedBy":["0d0246081d105144e5c5fb72500b0fb5"],"testsCompleted":8},{"id":"8921395cc397e4cfc0f4c0abeb472745","mutatorName":"ArrayItem","replacement":"$params = [':user_id' => $this->clientRepository->getUserID($_SESSION['mail']), ':firstName' => $orderDTO->firstName, ':lastName' => $orderDTO->lastName, ':city' => $orderDTO->city, ':zip' > $orderDTO->zip, ':delivery' => $orderDTO->delivery, ':payment' => $orderDTO->paymentMethod, ':email' => $orderDTO->email, ':items' => $items, ':total' => $total];","description":"Replaces a key-value pair (`[$key => $value]`) array declaration with a value array declaration\n(`[$key > $value]`) where the key or the value are potentially impure (i.e. have a side-effect);\nFor example `[foo() => $b->bar]`.","location":{"start":{"line":50,"column":13},"end":{"line":50,"column":38}},"status":"Killed","statusReason":"PHPUnit 10.4.1 by Sebastian Bergmann and contributors.\n\nRuntime:       PHP 8.1.2-1ubuntu2.14\nConfiguration: \/tmp\/infection\/phpunitConfiguration.8921395cc397e4cfc0f4c0abeb472745.infection.xml\n\nEEE...EE                                                            8 \/ 8 (100%)\n\nTime: 00:00.047, Memory: 12.00 MB\n\nThere were 5 errors:\n\n1) Controller\\OrderOverviewControllerTest::testDataConstruct\nValueError: PDOStatement::bindValue(): Argument #1 ($param) must be greater than or equal to 1\n\n\/home\/nicogruenewald\/Documents\/BuyMyTrikots\/src\/Core\/SQL\/SqlConnector.php:49\n\/home\/nicogruenewald\/Documents\/BuyMyTrikots\/src\/Model\/OrderEntityManager.php:36\n\/home\/nicogruenewald\/Documents\/BuyMyTrikots\/tests\/Controller\/OrderOverviewControllerTest.php:57\n\n2) Model\\OrderEntityManagerTest::testSaveOrder\nValueError: PDOStatement::bindValue(): Argument #1 ($param) must be greater than or equal to 1\n\n\/home\/nicogruenewald\/Documents\/BuyMyTrikots\/src\/Core\/SQL\/SqlConnector.php:49\n\/home\/nicogruenewald\/Documents\/BuyMyTrikots\/src\/Model\/OrderEntityManager.php:36\n\/home\/nicogruenewald\/Documents\/BuyMyTrikots\/tests\/Model\/OrderEntityManagerTest.php:58\n\n3) Controller\\ThankYouControllerTest::testDataConstruct\nValueError: PDOStatement::bindValue(): Argument #1 ($param) must be greater than or equal to 1\n\n\/home\/nicogruenewald\/Documents\/BuyMyTrikots\/src\/Core\/SQL\/SqlConnector.php:49\n\/home\/nicogruenewald\/Documents\/BuyMyTrikots\/src\/Model\/OrderEntityManager.php:36\n\/home\/nicogruenewald\/Documents\/BuyMyTrikots\/tests\/Controller\/ThankYouControllerTest.php:54\n\n4) Model\\OrderRepositoryTest::testGetOrderId\nValueError: PDOStatement::bindValue(): Argument #1 ($param) must be greater than or equal to 1\n\n\/home\/nicogruenewald\/Documents\/BuyMyTrikots\/src\/Core\/SQL\/SqlConnector.php:49\n\/home\/nicogruenewald\/Documents\/BuyMyTrikots\/src\/Model\/OrderEntityManager.php:36\n\/home\/nicogruenewald\/Documents\/BuyMyTrikots\/tests\/Model\/OrderRepositoryTest.php:129\n\n5) Controller\\HomepageControllerTest::testDataConstruct\nValueError: PDOStatement::bindValue(): Argument #1 ($param) must be greater than or equal to 1\n\n\/home\/nicogruenewald\/Documents\/BuyMyTrikots\/src\/Core\/SQL\/SqlConnector.php:49\n\/home\/nicogruenewald\/Documents\/BuyMyTrikots\/src\/Model\/OrderEntityManager.php:36\n\/home\/nicogruenewald\/Documents\/BuyMyTrikots\/tests\/Controller\/HomepageControllerTest.php:59\n\nERRORS!\nTests: 8, Assertions: 21, Errors: 5.","coveredBy":["36b86c2030d77c5a4b2ae5371cca348a","0d0246081d105144e5c5fb72500b0fb5","39261c6848bad92388361c1651343089","65b7284e3b2ac95981b7a32b10c9cdf5","5df2b8ab729d6ba88ad70d1ccf936487"],"killedBy":["0d0246081d105144e5c5fb72500b0fb5"],"testsCompleted":8},{"id":"e403afb810f84430187d933577708695","mutatorName":"ArrayItem","replacement":"$params = [':user_id' => $this->clientRepository->getUserID($_SESSION['mail']), ':firstName' => $orderDTO->firstName, ':lastName' => $orderDTO->lastName, ':city' => $orderDTO->city, ':zip' => $orderDTO->zip, ':delivery' > $orderDTO->delivery, ':payment' => $orderDTO->paymentMethod, ':email' => $orderDTO->email, ':items' => $items, ':total' => $total];","description":"Replaces a key-value pair (`[$key => $value]`) array declaration with a value array declaration\n(`[$key > $value]`) where the key or the value are potentially impure (i.e. have a side-effect);\nFor example `[foo() => $b->bar]`.","location":{"start":{"line":51,"column":13},"end":{"line":51,"column":48}},"status":"Killed","statusReason":"PHPUnit 10.4.1 by Sebastian Bergmann and contributors.\n\nRuntime:       PHP 8.1.2-1ubuntu2.14\nConfiguration: \/tmp\/infection\/phpunitConfiguration.e403afb810f84430187d933577708695.infection.xml\n\nEEE...EE                                                            8 \/ 8 (100%)\n\nTime: 00:00.051, Memory: 12.00 MB\n\nThere were 5 errors:\n\n1) Controller\\OrderOverviewControllerTest::testDataConstruct\nValueError: PDOStatement::bindValue(): Argument #1 ($param) must be greater than or equal to 1\n\n\/home\/nicogruenewald\/Documents\/BuyMyTrikots\/src\/Core\/SQL\/SqlConnector.php:49\n\/home\/nicogruenewald\/Documents\/BuyMyTrikots\/src\/Model\/OrderEntityManager.php:36\n\/home\/nicogruenewald\/Documents\/BuyMyTrikots\/tests\/Controller\/OrderOverviewControllerTest.php:57\n\n2) Model\\OrderEntityManagerTest::testSaveOrder\nValueError: PDOStatement::bindValue(): Argument #1 ($param) must be greater than or equal to 1\n\n\/home\/nicogruenewald\/Documents\/BuyMyTrikots\/src\/Core\/SQL\/SqlConnector.php:49\n\/home\/nicogruenewald\/Documents\/BuyMyTrikots\/src\/Model\/OrderEntityManager.php:36\n\/home\/nicogruenewald\/Documents\/BuyMyTrikots\/tests\/Model\/OrderEntityManagerTest.php:58\n\n3) Controller\\ThankYouControllerTest::testDataConstruct\nValueError: PDOStatement::bindValue(): Argument #1 ($param) must be greater than or equal to 1\n\n\/home\/nicogruenewald\/Documents\/BuyMyTrikots\/src\/Core\/SQL\/SqlConnector.php:49\n\/home\/nicogruenewald\/Documents\/BuyMyTrikots\/src\/Model\/OrderEntityManager.php:36\n\/home\/nicogruenewald\/Documents\/BuyMyTrikots\/tests\/Controller\/ThankYouControllerTest.php:54\n\n4) Model\\OrderRepositoryTest::testGetOrderId\nValueError: PDOStatement::bindValue(): Argument #1 ($param) must be greater than or equal to 1\n\n\/home\/nicogruenewald\/Documents\/BuyMyTrikots\/src\/Core\/SQL\/SqlConnector.php:49\n\/home\/nicogruenewald\/Documents\/BuyMyTrikots\/src\/Model\/OrderEntityManager.php:36\n\/home\/nicogruenewald\/Documents\/BuyMyTrikots\/tests\/Model\/OrderRepositoryTest.php:129\n\n5) Controller\\HomepageControllerTest::testDataConstruct\nValueError: PDOStatement::bindValue(): Argument #1 ($param) must be greater than or equal to 1\n\n\/home\/nicogruenewald\/Documents\/BuyMyTrikots\/src\/Core\/SQL\/SqlConnector.php:49\n\/home\/nicogruenewald\/Documents\/BuyMyTrikots\/src\/Model\/OrderEntityManager.php:36\n\/home\/nicogruenewald\/Documents\/BuyMyTrikots\/tests\/Controller\/HomepageControllerTest.php:59\n\nERRORS!\nTests: 8, Assertions: 21, Errors: 5.","coveredBy":["36b86c2030d77c5a4b2ae5371cca348a","0d0246081d105144e5c5fb72500b0fb5","39261c6848bad92388361c1651343089","65b7284e3b2ac95981b7a32b10c9cdf5","5df2b8ab729d6ba88ad70d1ccf936487"],"killedBy":["0d0246081d105144e5c5fb72500b0fb5"],"testsCompleted":8},{"id":"8cfa777df695fb22bcd80d83c55bdb9c","mutatorName":"ArrayItem","replacement":"$params = [':user_id' => $this->clientRepository->getUserID($_SESSION['mail']), ':firstName' => $orderDTO->firstName, ':lastName' => $orderDTO->lastName, ':city' => $orderDTO->city, ':zip' => $orderDTO->zip, ':delivery' => $orderDTO->delivery, ':payment' > $orderDTO->paymentMethod, ':email' => $orderDTO->email, ':items' => $items, ':total' => $total];","description":"Replaces a key-value pair (`[$key => $value]`) array declaration with a value array declaration\n(`[$key > $value]`) where the key or the value are potentially impure (i.e. have a side-effect);\nFor example `[foo() => $b->bar]`.","location":{"start":{"line":52,"column":13},"end":{"line":52,"column":52}},"status":"Killed","statusReason":"PHPUnit 10.4.1 by Sebastian Bergmann and contributors.\n\nRuntime:       PHP 8.1.2-1ubuntu2.14\nConfiguration: \/tmp\/infection\/phpunitConfiguration.8cfa777df695fb22bcd80d83c55bdb9c.infection.xml\n\nEEE...EE                                                            8 \/ 8 (100%)\n\nTime: 00:00.048, Memory: 12.00 MB\n\nThere were 5 errors:\n\n1) Controller\\OrderOverviewControllerTest::testDataConstruct\nValueError: PDOStatement::bindValue(): Argument #1 ($param) must be greater than or equal to 1\n\n\/home\/nicogruenewald\/Documents\/BuyMyTrikots\/src\/Core\/SQL\/SqlConnector.php:49\n\/home\/nicogruenewald\/Documents\/BuyMyTrikots\/src\/Model\/OrderEntityManager.php:36\n\/home\/nicogruenewald\/Documents\/BuyMyTrikots\/tests\/Controller\/OrderOverviewControllerTest.php:57\n\n2) Model\\OrderEntityManagerTest::testSaveOrder\nValueError: PDOStatement::bindValue(): Argument #1 ($param) must be greater than or equal to 1\n\n\/home\/nicogruenewald\/Documents\/BuyMyTrikots\/src\/Core\/SQL\/SqlConnector.php:49\n\/home\/nicogruenewald\/Documents\/BuyMyTrikots\/src\/Model\/OrderEntityManager.php:36\n\/home\/nicogruenewald\/Documents\/BuyMyTrikots\/tests\/Model\/OrderEntityManagerTest.php:58\n\n3) Controller\\ThankYouControllerTest::testDataConstruct\nValueError: PDOStatement::bindValue(): Argument #1 ($param) must be greater than or equal to 1\n\n\/home\/nicogruenewald\/Documents\/BuyMyTrikots\/src\/Core\/SQL\/SqlConnector.php:49\n\/home\/nicogruenewald\/Documents\/BuyMyTrikots\/src\/Model\/OrderEntityManager.php:36\n\/home\/nicogruenewald\/Documents\/BuyMyTrikots\/tests\/Controller\/ThankYouControllerTest.php:54\n\n4) Model\\OrderRepositoryTest::testGetOrderId\nValueError: PDOStatement::bindValue(): Argument #1 ($param) must be greater than or equal to 1\n\n\/home\/nicogruenewald\/Documents\/BuyMyTrikots\/src\/Core\/SQL\/SqlConnector.php:49\n\/home\/nicogruenewald\/Documents\/BuyMyTrikots\/src\/Model\/OrderEntityManager.php:36\n\/home\/nicogruenewald\/Documents\/BuyMyTrikots\/tests\/Model\/OrderRepositoryTest.php:129\n\n5) Controller\\HomepageControllerTest::testDataConstruct\nValueError: PDOStatement::bindValue(): Argument #1 ($param) must be greater than or equal to 1\n\n\/home\/nicogruenewald\/Documents\/BuyMyTrikots\/src\/Core\/SQL\/SqlConnector.php:49\n\/home\/nicogruenewald\/Documents\/BuyMyTrikots\/src\/Model\/OrderEntityManager.php:36\n\/home\/nicogruenewald\/Documents\/BuyMyTrikots\/tests\/Controller\/HomepageControllerTest.php:59\n\nERRORS!\nTests: 8, Assertions: 21, Errors: 5.","coveredBy":["36b86c2030d77c5a4b2ae5371cca348a","0d0246081d105144e5c5fb72500b0fb5","39261c6848bad92388361c1651343089","65b7284e3b2ac95981b7a32b10c9cdf5","5df2b8ab729d6ba88ad70d1ccf936487"],"killedBy":["0d0246081d105144e5c5fb72500b0fb5"],"testsCompleted":8},{"id":"8a141a082a4bbda913362e57d8cb0f1a","mutatorName":"ArrayItem","replacement":"$params = [':user_id' => $this->clientRepository->getUserID($_SESSION['mail']), ':firstName' => $orderDTO->firstName, ':lastName' => $orderDTO->lastName, ':city' => $orderDTO->city, ':zip' => $orderDTO->zip, ':delivery' => $orderDTO->delivery, ':payment' => $orderDTO->paymentMethod, ':email' > $orderDTO->email, ':items' => $items, ':total' => $total];","description":"Replaces a key-value pair (`[$key => $value]`) array declaration with a value array declaration\n(`[$key > $value]`) where the key or the value are potentially impure (i.e. have a side-effect);\nFor example `[foo() => $b->bar]`.","location":{"start":{"line":53,"column":13},"end":{"line":53,"column":42}},"status":"Killed","statusReason":"PHPUnit 10.4.1 by Sebastian Bergmann and contributors.\n\nRuntime:       PHP 8.1.2-1ubuntu2.14\nConfiguration: \/tmp\/infection\/phpunitConfiguration.8a141a082a4bbda913362e57d8cb0f1a.infection.xml\n\nEEE...EE                                                            8 \/ 8 (100%)\n\nTime: 00:00.047, Memory: 12.00 MB\n\nThere were 5 errors:\n\n1) Controller\\OrderOverviewControllerTest::testDataConstruct\nValueError: PDOStatement::bindValue(): Argument #1 ($param) must be greater than or equal to 1\n\n\/home\/nicogruenewald\/Documents\/BuyMyTrikots\/src\/Core\/SQL\/SqlConnector.php:49\n\/home\/nicogruenewald\/Documents\/BuyMyTrikots\/src\/Model\/OrderEntityManager.php:36\n\/home\/nicogruenewald\/Documents\/BuyMyTrikots\/tests\/Controller\/OrderOverviewControllerTest.php:57\n\n2) Model\\OrderEntityManagerTest::testSaveOrder\nValueError: PDOStatement::bindValue(): Argument #1 ($param) must be greater than or equal to 1\n\n\/home\/nicogruenewald\/Documents\/BuyMyTrikots\/src\/Core\/SQL\/SqlConnector.php:49\n\/home\/nicogruenewald\/Documents\/BuyMyTrikots\/src\/Model\/OrderEntityManager.php:36\n\/home\/nicogruenewald\/Documents\/BuyMyTrikots\/tests\/Model\/OrderEntityManagerTest.php:58\n\n3) Controller\\ThankYouControllerTest::testDataConstruct\nValueError: PDOStatement::bindValue(): Argument #1 ($param) must be greater than or equal to 1\n\n\/home\/nicogruenewald\/Documents\/BuyMyTrikots\/src\/Core\/SQL\/SqlConnector.php:49\n\/home\/nicogruenewald\/Documents\/BuyMyTrikots\/src\/Model\/OrderEntityManager.php:36\n\/home\/nicogruenewald\/Documents\/BuyMyTrikots\/tests\/Controller\/ThankYouControllerTest.php:54\n\n4) Model\\OrderRepositoryTest::testGetOrderId\nValueError: PDOStatement::bindValue(): Argument #1 ($param) must be greater than or equal to 1\n\n\/home\/nicogruenewald\/Documents\/BuyMyTrikots\/src\/Core\/SQL\/SqlConnector.php:49\n\/home\/nicogruenewald\/Documents\/BuyMyTrikots\/src\/Model\/OrderEntityManager.php:36\n\/home\/nicogruenewald\/Documents\/BuyMyTrikots\/tests\/Model\/OrderRepositoryTest.php:129\n\n5) Controller\\HomepageControllerTest::testDataConstruct\nValueError: PDOStatement::bindValue(): Argument #1 ($param) must be greater than or equal to 1\n\n\/home\/nicogruenewald\/Documents\/BuyMyTrikots\/src\/Core\/SQL\/SqlConnector.php:49\n\/home\/nicogruenewald\/Documents\/BuyMyTrikots\/src\/Model\/OrderEntityManager.php:36\n\/home\/nicogruenewald\/Documents\/BuyMyTrikots\/tests\/Controller\/HomepageControllerTest.php:59\n\nERRORS!\nTests: 8, Assertions: 21, Errors: 5.","coveredBy":["36b86c2030d77c5a4b2ae5371cca348a","0d0246081d105144e5c5fb72500b0fb5","39261c6848bad92388361c1651343089","65b7284e3b2ac95981b7a32b10c9cdf5","5df2b8ab729d6ba88ad70d1ccf936487"],"killedBy":["0d0246081d105144e5c5fb72500b0fb5"],"testsCompleted":8}]}},"testFiles":{"\/home\/nicogruenewald\/Documents\/BuyMyTrikots\/tests\/Controller\/HomepageControllerTest.php":{"tests":[{"id":"36b86c2030d77c5a4b2ae5371cca348a","name":"Controller\\HomepageControllerTest::testDataConstruct"}]},"\/home\/nicogruenewald\/Documents\/BuyMyTrikots\/tests\/Controller\/OrderOverviewControllerTest.php":{"tests":[{"id":"0d0246081d105144e5c5fb72500b0fb5","name":"Controller\\OrderOverviewControllerTest::testDataConstruct"}]},"\/home\/nicogruenewald\/Documents\/BuyMyTrikots\/tests\/Model\/OrderRepositoryTest.php":{"tests":[{"id":"39261c6848bad92388361c1651343089","name":"Model\\OrderRepositoryTest::testGetOrderId"}]},"\/home\/nicogruenewald\/Documents\/BuyMyTrikots\/tests\/Controller\/ThankYouControllerTest.php":{"tests":[{"id":"65b7284e3b2ac95981b7a32b10c9cdf5","name":"Controller\\ThankYouControllerTest::testDataConstruct"}]},"\/home\/nicogruenewald\/Documents\/BuyMyTrikots\/tests\/Model\/OrderEntityManagerTest.php":{"tests":[{"id":"5df2b8ab729d6ba88ad70d1ccf936487","name":"Model\\OrderEntityManagerTest::testSaveOrder"}]}},"framework":{"name":"Infection","branding":{"homepageUrl":"https:\/\/infection.github.io\/","imageUrl":"https:\/\/infection.github.io\/images\/logo.png"}}}
            ;
        </script>
    </body>
</html>